\BOOKMARK [1][-]{section.1}{Introduction}{}% 1
\BOOKMARK [1][-]{section.2}{Literature review}{}% 2
\BOOKMARK [2][-]{subsection.2.1}{REST}{section.2}% 3
\BOOKMARK [2][-]{subsection.2.2}{Functional programming}{section.2}% 4
\BOOKMARK [3][-]{subsubsection.2.2.1}{General}{subsection.2.2}% 5
\BOOKMARK [3][-]{subsubsection.2.2.2}{Web development}{subsection.2.2}% 6
\BOOKMARK [3][-]{subsubsection.2.2.3}{In Java}{subsection.2.2}% 7
\BOOKMARK [2][-]{subsection.2.3}{Spring Boot}{section.2}% 8
\BOOKMARK [1][-]{section.3}{Curryful}{}% 9
\BOOKMARK [2][-]{subsection.3.1}{Curryful-commons}{section.3}% 10
\BOOKMARK [2][-]{subsection.3.2}{Curryful-rest}{section.3}% 11
\BOOKMARK [3][-]{subsubsection.3.2.1}{HTTP}{subsection.3.2}% 12
\BOOKMARK [2][-]{subsection.3.3}{Routing}{section.3}% 13
\BOOKMARK [2][-]{subsection.3.4}{Middleware}{section.3}% 14
\BOOKMARK [2][-]{subsection.3.5}{Server}{section.3}% 15
\BOOKMARK [1][-]{section.4}{Research questions and hypotheses}{}% 16
\BOOKMARK [2][-]{subsection.4.1}{Research questions}{section.4}% 17
\BOOKMARK [2][-]{subsection.4.2}{Hypotheses}{section.4}% 18
\BOOKMARK [1][-]{section.5}{Methodology}{}% 19
\BOOKMARK [2][-]{subsection.5.1}{Performance}{section.5}% 20
\BOOKMARK [3][-]{subsubsection.5.1.1}{Response time}{subsection.5.1}% 21
\BOOKMARK [3][-]{subsubsection.5.1.2}{Cold start}{subsection.5.1}% 22
\BOOKMARK [2][-]{subsection.5.2}{Provoking unwanted behavior using invalid requests}{section.5}% 23
\BOOKMARK [3][-]{subsubsection.5.2.1}{Todo list}{subsection.5.2}% 24
\BOOKMARK [3][-]{subsubsection.5.2.2}{Yahtzee}{subsection.5.2}% 25
\BOOKMARK [2][-]{subsection.5.3}{Static code analysis}{section.5}% 26
\BOOKMARK [1][-]{section.6}{Results}{}% 27
\BOOKMARK [2][-]{subsection.6.1}{Performance}{section.6}% 28
\BOOKMARK [3][-]{subsubsection.6.1.1}{Response time}{subsection.6.1}% 29
\BOOKMARK [3][-]{subsubsection.6.1.2}{Cold start}{subsection.6.1}% 30
\BOOKMARK [2][-]{subsection.6.2}{Provoking unwanted behavior using invalid requests}{section.6}% 31
\BOOKMARK [3][-]{subsubsection.6.2.1}{Todo list}{subsection.6.2}% 32
\BOOKMARK [3][-]{subsubsection.6.2.2}{Yahtzee}{subsection.6.2}% 33
\BOOKMARK [2][-]{subsection.6.3}{Static code analysis}{section.6}% 34
\BOOKMARK [1][-]{section.7}{Discussion}{}% 35
\BOOKMARK [1][-]{section.8}{Conclusion}{}% 36
\BOOKMARK [1][-]{section.9}{Future work}{}% 37
\BOOKMARK [1][-]{section.10}{Self-review}{}% 38
\BOOKMARK [1][-]{appendix.A}{Prompts}{}% 39
\BOOKMARK [2][-]{subsection.A.1}{Todo list}{appendix.A}% 40
\BOOKMARK [3][-]{subsubsection.A.1.1}{Curryful}{subsection.A.1}% 41
\BOOKMARK [3][-]{subsubsection.A.1.2}{Spring Boot}{subsection.A.1}% 42
\BOOKMARK [2][-]{subsection.A.2}{Yahtzee}{appendix.A}% 43
\BOOKMARK [3][-]{subsubsection.A.2.1}{Curryful}{subsection.A.2}% 44
\BOOKMARK [3][-]{subsubsection.A.2.2}{Spring Boot}{subsection.A.2}% 45
\BOOKMARK [1][-]{appendix.B}{Cold startup time measuring script}{}% 46
\BOOKMARK [2][-]{subsection.B.1}{Curryful}{appendix.B}% 47
\BOOKMARK [3][-]{subsubsection.B.1.1}{Spring Boot}{subsection.B.1}% 48
